<?xml version="1.0" encoding="UTF-8"?>
<!-- Generated by org.testng.reporters.JUnitXMLReporter -->
<testsuite ignored="0" hostname="DESKTOP-F8IJ2Q9" failures="0" tests="2" name="ParallelTest" time="0.073" errors="0" timestamp="2023-02-26T03:30:21 IST">
  <testcase classname="com.UI_Automation.DriverFactory" name="@BeforeMethod removeDriver" time="0.008">
    <failure type="java.lang.NullPointerException" message="Cannot invoke &amp;quot;org.openqa.selenium.WebDriver.quit()&amp;quot; because the return value of &amp;quot;com.UI_Automation.DriverFactory.getDriver()&amp;quot; is null">
      <![CDATA[java.lang.NullPointerException: Cannot invoke "org.openqa.selenium.WebDriver.quit()" because the return value of "com.UI_Automation.DriverFactory.getDriver()" is null
at com.UI_Automation.DriverFactory.removeDriver(DriverFactory.java:27)
at java.base/java.util.concurrent.ThreadPoolExecutor.runWorker(ThreadPoolExecutor.java:1136)
at java.base/java.util.concurrent.ThreadPoolExecutor$Worker.run(ThreadPoolExecutor.java:635)
at java.base/java.lang.Thread.run(Thread.java:833)
... Removed 16 stack frames]]>
    </failure>
  </testcase> <!-- @BeforeMethod removeDriver -->
  <testcase classname="com.UI_Automation.DriverFactory" name="@BeforeMethod removeDriver" time="0.008">
    <failure type="java.lang.NullPointerException" message="Cannot invoke &amp;quot;org.openqa.selenium.WebDriver.quit()&amp;quot; because the return value of &amp;quot;com.UI_Automation.DriverFactory.getDriver()&amp;quot; is null">
      <![CDATA[java.lang.NullPointerException: Cannot invoke "org.openqa.selenium.WebDriver.quit()" because the return value of "com.UI_Automation.DriverFactory.getDriver()" is null
at com.UI_Automation.DriverFactory.removeDriver(DriverFactory.java:27)
at java.base/java.util.concurrent.ThreadPoolExecutor.runWorker(ThreadPoolExecutor.java:1136)
at java.base/java.util.concurrent.ThreadPoolExecutor$Worker.run(ThreadPoolExecutor.java:635)
at java.base/java.lang.Thread.run(Thread.java:833)
... Removed 16 stack frames]]>
    </failure>
  </testcase> <!-- @BeforeMethod removeDriver -->
  <testcase classname="com.UI_Automation.DriverFactory" name="@BeforeMethod setDriver" time="-1.677362421382E9">
    <skipped/>
  </testcase> <!-- @BeforeMethod setDriver -->
  <testcase classname="com.UI_Automation.DriverFactory" name="@BeforeMethod setDriver" time="-1.677362421383E9">
    <skipped/>
  </testcase> <!-- @BeforeMethod setDriver -->
  <testcase classname="com.UI_Test.ExecuteTest" name="searchTest2" time="0.0">
    <skipped/>
  </testcase> <!-- searchTest2 -->
  <testcase classname="com.UI_Test.ExecuteTest" name="searchTest1" time="0.0">
    <skipped/>
  </testcase> <!-- searchTest1 -->
</testsuite> <!-- ParallelTest -->
