<?xml version="1.0" encoding="UTF-8"?>
<!-- Generated by org.testng.reporters.JUnitXMLReporter -->
<testsuite ignored="0" hostname="DESKTOP-ASQKMVR" failures="1" tests="1" name="ParallelTest" time="9.801" errors="0" timestamp="2024-01-06T14:18:34 IST">
  <testcase classname="com.UI_Test.ExecuteTest" name="searchTest2" time="1.904">
    <failure type="java.lang.NullPointerException" message="Cannot invoke &amp;quot;org.openqa.selenium.WebElement.sendKeys(java.lang.CharSequence[])&amp;quot; because &amp;quot;this.txt_Search&amp;quot; is null">
      <![CDATA[java.lang.NullPointerException: Cannot invoke "org.openqa.selenium.WebElement.sendKeys(java.lang.CharSequence[])" because "this.txt_Search" is null
at pageFactory.Page2.LogIn_Action(Page2.java:33)
at com.UI_Test.ExecuteTest.searchTest2(ExecuteTest.java:24)
at java.base/java.util.concurrent.ThreadPoolExecutor.runWorker(ThreadPoolExecutor.java:1136)
at java.base/java.util.concurrent.ThreadPoolExecutor$Worker.run(ThreadPoolExecutor.java:635)
at java.base/java.lang.Thread.run(Thread.java:833)
... Removed 12 stack frames]]>
    </failure>
  </testcase> <!-- searchTest2 -->
</testsuite> <!-- ParallelTest -->
