<?xml version="1.0" encoding="UTF-8"?>
<testng-results ignored="0" total="1" passed="0" failed="1" skipped="0">
  <reporter-output>
  </reporter-output>
  <suite started-at="2024-01-06T14:18:24 IST" name="ParallelSuite" finished-at="2024-01-06T14:18:34 IST" duration-ms="9801">
    <groups>
    </groups>
    <test started-at="2024-01-06T14:18:24 IST" name="ParallelTest" finished-at="2024-01-06T14:18:34 IST" duration-ms="9801">
      <class name="com.UI_Test.ExecuteTest">
        <test-method is-config="true" signature="setDriver(java.lang.String)[pri:0, instance:com.UI_Test.ExecuteTest@2e3967ea]" started-at="2024-01-06T14:18:25 IST" name="setDriver" finished-at="2024-01-06T14:18:30 IST" duration-ms="5858" status="PASS">
          <params>
            <param index="0">
              <value>
                <![CDATA[firefox]]>
              </value>
            </param>
          </params>
          <reporter-output>
          </reporter-output>
        </test-method> <!-- setDriver -->
        <test-method signature="searchTest2()[pri:0, instance:com.UI_Test.ExecuteTest@2e3967ea]" started-at="2024-01-06T14:18:30 IST" name="searchTest2" finished-at="2024-01-06T14:18:32 IST" duration-ms="1904" status="FAIL">
          <exception class="java.lang.NullPointerException">
            <message>
              <![CDATA[Cannot invoke "org.openqa.selenium.WebElement.sendKeys(java.lang.CharSequence[])" because "this.txt_Search" is null]]>
            </message>
            <full-stacktrace>
              <![CDATA[java.lang.NullPointerException: Cannot invoke "org.openqa.selenium.WebElement.sendKeys(java.lang.CharSequence[])" because "this.txt_Search" is null
at pageFactory.Page2.LogIn_Action(Page2.java:33)
at com.UI_Test.ExecuteTest.searchTest2(ExecuteTest.java:24)
at java.base/jdk.internal.reflect.NativeMethodAccessorImpl.invoke0(Native Method)
at java.base/jdk.internal.reflect.NativeMethodAccessorImpl.invoke(NativeMethodAccessorImpl.java:77)
at java.base/jdk.internal.reflect.DelegatingMethodAccessorImpl.invoke(DelegatingMethodAccessorImpl.java:43)
at java.base/java.lang.reflect.Method.invoke(Method.java:568)
at org.testng.internal.MethodInvocationHelper.invokeMethod(MethodInvocationHelper.java:133)
at org.testng.internal.TestInvoker.invokeMethod(TestInvoker.java:598)
at org.testng.internal.TestInvoker.invokeTestMethod(TestInvoker.java:173)
at org.testng.internal.MethodRunner.runInSequence(MethodRunner.java:46)
at org.testng.internal.TestInvoker$MethodInvocationAgent.invoke(TestInvoker.java:824)
at org.testng.internal.TestInvoker.invokeTestMethods(TestInvoker.java:146)
at org.testng.internal.TestMethodWorker.invokeTestMethods(TestMethodWorker.java:146)
at org.testng.internal.TestMethodWorker.run(TestMethodWorker.java:128)
at java.base/java.util.concurrent.ThreadPoolExecutor.runWorker(ThreadPoolExecutor.java:1136)
at java.base/java.util.concurrent.ThreadPoolExecutor$Worker.run(ThreadPoolExecutor.java:635)
at java.base/java.lang.Thread.run(Thread.java:833)
]]>
            </full-stacktrace>
          </exception> <!-- java.lang.NullPointerException -->
          <reporter-output>
          </reporter-output>
        </test-method> <!-- searchTest2 -->
        <test-method is-config="true" signature="removeDriver()[pri:0, instance:com.UI_Test.ExecuteTest@2e3967ea]" started-at="2024-01-06T14:18:32 IST" name="removeDriver" finished-at="2024-01-06T14:18:34 IST" duration-ms="1964" status="PASS">
          <reporter-output>
          </reporter-output>
        </test-method> <!-- removeDriver -->
      </class> <!-- com.UI_Test.ExecuteTest -->
    </test> <!-- ParallelTest -->
  </suite> <!-- ParallelSuite -->
</testng-results>
