<?xml version="1.0" encoding="UTF-8"?>
<testng-results ignored="0" total="1" passed="1" failed="0" skipped="0">
  <reporter-output>
  </reporter-output>
  <suite started-at="2024-03-03T00:16:47 IST" name="Default suite" finished-at="2024-03-03T00:16:58 IST" duration-ms="11681">
    <groups>
    </groups>
    <test started-at="2024-03-03T00:16:47 IST" name="Default test" finished-at="2024-03-03T00:16:58 IST" duration-ms="11681">
      <class name="com.UI_Test.ExecuteTest">
        <test-method is-config="true" signature="setDriver(java.lang.String)[pri:0, instance:com.UI_Test.ExecuteTest@a38c7fe]" started-at="2024-03-03T00:16:47 IST" name="setDriver" finished-at="2024-03-03T00:16:53 IST" duration-ms="5763" status="PASS">
          <params>
            <param index="0">
              <value>
                <![CDATA[firefox]]>
              </value>
            </param>
          </params>
          <reporter-output>
          </reporter-output>
        </test-method> <!-- setDriver -->
        <test-method signature="searchTest1()[pri:0, instance:com.UI_Test.ExecuteTest@a38c7fe]" started-at="2024-03-03T00:16:53 IST" name="searchTest1" finished-at="2024-03-03T00:16:57 IST" duration-ms="4374" status="PASS">
          <reporter-output>
          </reporter-output>
        </test-method> <!-- searchTest1 -->
        <test-method is-config="true" signature="removeDriver()[pri:0, instance:com.UI_Test.ExecuteTest@a38c7fe]" started-at="2024-03-03T00:16:57 IST" name="removeDriver" finished-at="2024-03-03T00:16:58 IST" duration-ms="1487" status="PASS">
          <reporter-output>
          </reporter-output>
        </test-method> <!-- removeDriver -->
      </class> <!-- com.UI_Test.ExecuteTest -->
    </test> <!-- Default test -->
  </suite> <!-- Default suite -->
</testng-results>
